Sat Feb 17 20:08:22 CET 2018 : Apache Derby Network Server - 10.11.1.2 - (1629631) started and ready to accept connections on port 1527
----------------------------------------------------------------
Sat Feb 17 20:08:22 CET 2018:
Booting Derby version The Apache Software Foundation - Apache Derby - 10.11.1.2 - (1629631): instance a816c00e-0161-a52a-bed3-00003535d753 
on database directory C:\Users\Anton\Documents\GitHub\iv1201project\database\applicantDB with class loader sun.misc.Launcher$AppClassLoader@5e2de80c 
Loaded from file:/C:/Program%20Files/Java/jdk1.8.0_65/db/lib/derby.jar
java.vendor=Oracle Corporation
java.runtime.version=1.8.0_65-b17
user.dir=C:\Program Files\Java\jdk1.8.0_65\db
os.name=Windows 10
os.arch=amd64
os.version=10.0
derby.system.home=C:\Users\Anton\Documents\GitHub\iv1201project\database
Database Class Loader started - derby.database.classpath=''
----------------------------------------------------------------
Sat Feb 17 20:09:06 CET 2018: Shutting down Derby engine
----------------------------------------------------------------
Sat Feb 17 20:09:06 CET 2018:
Shutting down instance a816c00e-0161-a52a-bed3-00003535d753 on database directory C:\Users\Anton\Documents\GitHub\iv1201project\database\applicantDB with class loader sun.misc.Launcher$AppClassLoader@5e2de80c 
----------------------------------------------------------------
